<?xml version="1.0" encoding="UTF-8"?><testsuite errors="0" failures="1" name="booking.features.BookingRoom2Story" skipped="0" tests="1" time="0.0" timestamp="2020-05-20 11:46:16"><testcase classname="booking.features.BookingRoom2Story" name="Initialisation"><failure message="The page object class booking.ui.BookingPage looks dodgy:&#10;Failed to instantiate page (net.thucydides.core.webdriver.DriverConfigurationError: Could not instantiate class io.appium.java_client.AppiumDriver)" type="net.thucydides.core.pages.WrongPageError">The page object class booking.ui.BookingPage looks dodgy:
Failed to instantiate page (net.thucydides.core.webdriver.DriverConfigurationError: Could not instantiate class io.appium.java_client.AppiumDriver)</failure><system-err>The page object class booking.ui.BookingPage looks dodgy:
Failed to instantiate page (net.thucydides.core.webdriver.DriverConfigurationError: Could not instantiate class io.appium.java_client.AppiumDriver)&#13;
</system-err></testcase></testsuite>